[4/23/2023, 6:35:11 PM] server	 security-question-api.js - Invalid id and/or request
[4/23/2023, 6:40:12 PM] server	 security-question-api.js - 643ec5d3a9bef7f1: Invalid id and/or request
[4/23/2023, 7:28:14 PM] server	 security-question-api.js - Message doesn't match expected schema
[4/23/2023, 7:37:25 PM] server	 security-question-api.js - Internal Server error
[4/23/2023, 7:51:45 PM] server	 session-api.js - Invalid credentials entered
[4/23/2023, 7:52:51 PM] server	 session-api.js - Inavlid user id
[4/23/2023, 8:06:12 PM] server	 user-api.js - user foo is not found
[4/23/2023, 8:12:36 PM] server	 user-api.js - Internal server error
[4/23/2023, 8:13:40 PM] server	 user-api.js - Validation on creating user failed
[4/23/2023, 8:19:44 PM] server	 user-api.js - User not found
[4/23/2023, 8:20:42 PM] server	 user-api.js - User 6 not found
[4/23/2023, 8:24:38 PM] server	 user-api.js - user 6 not found
[4/24/2023, 11:18:13 AM] server	 session-api.js - Bad request, input doesn't match schema
[4/24/2023, 11:22:07 AM] server	 session-api.js - Inavlid user id
[4/24/2023, 11:25:10 AM] server	 session-api.js - Inavlid user id
[4/24/2023, 11:25:31 AM] server	 session-api.js - Inavlid user id
[4/24/2023, 11:26:16 AM] server	 session-api.js - Inavlid user id
[4/24/2023, 11:30:35 AM] server	 session-api.js - Inavlid user id
[4/24/2023, 11:31:16 AM] server	 session-api.js - Inavlid user id
[4/24/2023, 3:03:49 PM] server	 session-api.js - Inavlid user id
[4/24/2023, 3:45:03 PM] server	 session-api.js - Inavlid user id
[4/24/2023, 3:46:30 PM] server	 session-api.js - Inavlid user id
[4/24/2023, 3:46:54 PM] server	 session-api.js - Inavlid user id
[4/24/2023, 6:01:30 PM] server	 session-api.js - Invalid credentials entered
[4/24/2023, 6:02:46 PM] server	 session-api.js - Invalid credentials entered
[4/24/2023, 6:03:01 PM] server	 session-api.js - Inavlid user id
[4/24/2023, 6:05:00 PM] server	 session-api.js - Invalid credentials entered
[4/24/2023, 10:32:50 PM] server	 session-api.js - Inavlid user id
[4/25/2023, 7:35:25 PM] server	 user-api.js - Internal server error
[4/25/2023, 8:03:02 PM] server	 user-api.js - Validation on creating user failed
[4/25/2023, 8:10:35 PM] server	 user-api.js - Validation on creating user failed
[4/25/2023, 8:27:38 PM] server	 user-api.js - Validation on creating user failed
[4/29/2023, 6:28:01 PM] server	 user-api.js - user security-questions is not found
[4/29/2023, 6:36:17 PM] server	 user-api.js - user security-questions is not found
[4/29/2023, 6:36:56 PM] server	 user-api.js - user security-questions is not found
[4/29/2023, 6:54:20 PM] server	 session-api.js - User null doesn't exist
[4/30/2023, 12:25:05 PM] server	 user-api.js - Error creating user in MongoDB
[4/30/2023, 12:29:36 PM] server	 user-api.js - Validation on creating user failed
[4/30/2023, 12:33:14 PM] server	 user-api.js - Validation on creating user failed
[4/30/2023, 12:33:46 PM] server	 user-api.js - Validation on creating user failed
[4/30/2023, 12:40:52 PM] server	 user-api.js - Validation on creating user failed
[4/30/2023, 12:44:45 PM] server	 user-api.js - Validation on creating user failed
[4/30/2023, 12:47:51 PM] server	 user-api.js - Error creating user in MongoDB
[4/30/2023, 12:49:28 PM] server	 user-api.js - Validation on creating user failed
[4/30/2023, 12:52:54 PM] server	 user-api.js - Error creating user in MongoDB
[4/30/2023, 1:49:44 PM] server	 session-api.js - Invalid user id
[4/30/2023, 8:59:19 PM] server	 session-api.js - User answered one or more security questions incorrectly
[5/1/2023, 11:20:08 AM] server	 session-api.js - User null doesn't exist
[5/1/2023, 11:23:09 AM] server	 session-api.js - User null doesn't exist
[5/1/2023, 11:25:27 AM] server	 session-api.js - User null doesn't exist
[5/1/2023, 11:26:04 AM] server	 session-api.js - User null doesn't exist
[5/1/2023, 11:27:56 AM] server	 session-api.js - User null doesn't exist
[5/1/2023, 11:28:53 AM] server	 session-api.js - User null doesn't exist
[5/1/2023, 11:29:04 AM] server	 session-api.js - User null doesn't exist
[5/1/2023, 11:29:14 AM] server	 session-api.js - User null doesn't exist
[5/1/2023, 12:31:42 PM] server	 session-api.js - Internal server error
[5/1/2023, 1:44:36 PM] server	 session-api.js - Invalid user id
[5/1/2023, 1:45:34 PM] server	 session-api.js - User null doesn't exist
[5/1/2023, 2:55:11 PM] server	 session-api.js - User answered one or more security questions incorrectly
[5/1/2023, 8:41:02 PM] server	 session-api.js - User jaybirdd not found
[5/1/2023, 7:52:21 PM] server	 session-api.js - User jaybirdd not found
[5/1/2023, 7:52:44 PM] server	 session-api.js - User null doesn't exist
[5/2/2023, 8:59:16 AM] server	 role-api.js - Entered role is not unique
[5/2/2023, 9:11:15 AM] server	 role-api.js - The field was blank, or the data could not be read
[5/2/2023, 9:11:32 AM] server	 role-api.js - The field was blank, or the data could not be read
[5/2/2023, 9:14:34 AM] server	 role-api.js - The field was blank, or the data could not be read
[5/2/2023, 9:14:42 AM] server	 role-api.js - The field was blank, or the data could not be read
[5/2/2023, 9:15:38 AM] server	 role-api.js - Entered role is not unique
[5/2/2023, 2:52:41 PM] server	 user-api.js - User null not found
[5/2/2023, 2:53:58 PM] server	 user-api.js - User jarybird not found
[5/2/2023, 3:00:12 PM] server	 user-api.js - User jaybirdd not found
[5/2/2023, 3:45:52 PM] server	 user-api.js - Validation on creating user failed
[5/2/2023, 3:57:16 PM] server	 user-api.js - Validation of updates failed
[5/2/2023, 4:11:54 PM] server	 user-api.js - User undefined not found
